Determining if the pthread_create exist failed with the following output:
Change Dir: /home/nvidia/FRCTeam1967/code/2018/jetson/cv-capture/build/CMakeFiles/CMakeTmp

Run Build Command:"/usr/bin/make" "cmTC_15a92/fast"
/usr/bin/make -f CMakeFiles/cmTC_15a92.dir/build.make CMakeFiles/cmTC_15a92.dir/build
make[1]: Entering directory '/home/nvidia/FRCTeam1967/code/2018/jetson/cv-capture/build/CMakeFiles/CMakeTmp'
Building C object CMakeFiles/cmTC_15a92.dir/CheckSymbolExists.c.o
/usr/bin/cc    -fPIC    -o CMakeFiles/cmTC_15a92.dir/CheckSymbolExists.c.o   -c /home/nvidia/FRCTeam1967/code/2018/jetson/cv-capture/build/CMakeFiles/CMakeTmp/CheckSymbolExists.c
Linking C executable cmTC_15a92
/usr/bin/cmake -E cmake_link_script CMakeFiles/cmTC_15a92.dir/link.txt --verbose=1
/usr/bin/cc  -fPIC     CMakeFiles/cmTC_15a92.dir/CheckSymbolExists.c.o  -o cmTC_15a92 -rdynamic 
CMakeFiles/cmTC_15a92.dir/CheckSymbolExists.c.o: In function `main':
CheckSymbolExists.c:(.text+0x14): undefined reference to `pthread_create'
CheckSymbolExists.c:(.text+0x18): undefined reference to `pthread_create'
collect2: error: ld returned 1 exit status
CMakeFiles/cmTC_15a92.dir/build.make:97: recipe for target 'cmTC_15a92' failed
make[1]: *** [cmTC_15a92] Error 1
make[1]: Leaving directory '/home/nvidia/FRCTeam1967/code/2018/jetson/cv-capture/build/CMakeFiles/CMakeTmp'
Makefile:126: recipe for target 'cmTC_15a92/fast' failed
make: *** [cmTC_15a92/fast] Error 2

File /home/nvidia/FRCTeam1967/code/2018/jetson/cv-capture/build/CMakeFiles/CMakeTmp/CheckSymbolExists.c:
/* */
#include <pthread.h>

int main(int argc, char** argv)
{
  (void)argv;
#ifndef pthread_create
  return ((int*)(&pthread_create))[argc];
#else
  (void)argc;
  return 0;
#endif
}

Determining if the function pthread_create exists in the pthreads failed with the following output:
Change Dir: /home/nvidia/FRCTeam1967/code/2018/jetson/cv-capture/build/CMakeFiles/CMakeTmp

Run Build Command:"/usr/bin/make" "cmTC_b103f/fast"
/usr/bin/make -f CMakeFiles/cmTC_b103f.dir/build.make CMakeFiles/cmTC_b103f.dir/build
make[1]: Entering directory '/home/nvidia/FRCTeam1967/code/2018/jetson/cv-capture/build/CMakeFiles/CMakeTmp'
Building C object CMakeFiles/cmTC_b103f.dir/CheckFunctionExists.c.o
/usr/bin/cc    -fPIC -DCHECK_FUNCTION_EXISTS=pthread_create   -o CMakeFiles/cmTC_b103f.dir/CheckFunctionExists.c.o   -c /usr/share/cmake-3.5/Modules/CheckFunctionExists.c
Linking C executable cmTC_b103f
/usr/bin/cmake -E cmake_link_script CMakeFiles/cmTC_b103f.dir/link.txt --verbose=1
/usr/bin/cc  -fPIC -DCHECK_FUNCTION_EXISTS=pthread_create    CMakeFiles/cmTC_b103f.dir/CheckFunctionExists.c.o  -o cmTC_b103f -rdynamic -lpthreads 
/usr/bin/ld: cannot find -lpthreads
collect2: error: ld returned 1 exit status
CMakeFiles/cmTC_b103f.dir/build.make:97: recipe for target 'cmTC_b103f' failed
make[1]: *** [cmTC_b103f] Error 1
make[1]: Leaving directory '/home/nvidia/FRCTeam1967/code/2018/jetson/cv-capture/build/CMakeFiles/CMakeTmp'
Makefile:126: recipe for target 'cmTC_b103f/fast' failed
make: *** [cmTC_b103f/fast] Error 2


